<col:collection xmlns="http://cnx.rice.edu/collxml" xmlns:col="http://cnx.rice.edu/collxml" xml:lang="en">
  <metadata xmlns:md="http://cnx.rice.edu/mdml" mdml-version="0.5">
    <md:content-id>col28056</md:content-id>
    <md:title>Test Astronomy</md:title>
    <md:language>en</md:language>
    <md:license url="http://creativecommons.org/licenses/by/4.0/">Creative Commons Attribution License</md:license>
    <md:uuid>40593def-e42f-4869-815b-4de992bfac76</md:uuid>
<md:slug>test-astronomy</md:slug>
</metadata>
  <col:content>
    <col:module document="m72713"/>
  </col:content>
</col:collection>